/docker-entrypoint.sh: /docker-entrypoint.d/ is not empty, will attempt to perform configuration
/docker-entrypoint.sh: Looking for shell scripts in /docker-entrypoint.d/
/docker-entrypoint.sh: Launching /docker-entrypoint.d/10-listen-on-ipv6-by-default.sh
10-listen-on-ipv6-by-default.sh: Getting the checksum of /etc/nginx/conf.d/default.conf
10-listen-on-ipv6-by-default.sh: Enabled listen on IPv6 in /etc/nginx/conf.d/default.conf
/docker-entrypoint.sh: Launching /docker-entrypoint.d/20-envsubst-on-templates.sh
/docker-entrypoint.sh: Configuration complete; ready for start up
docker: Error response from daemon: driver failed programming external connectivity on endpoint ecstatic_stonebraker (c7f2b2ca2646a35b19c9dd39acf4758bb30e522f76869e77e90b5d64ed7eaa8a): Bind for 0.0.0.0:3000 failed: port is already allocated.
docker: Error response from daemon: driver failed programming external connectivity on endpoint blissful_visvesvaraya (ecba7fabe2f4c5c9c7fe3ade18f02cdd04eeef9ff0d4c38aa0d184a2022a3c89): Bind for 0.0.0.0:3000 failed: port is already allocated.
docker: Error response from daemon: driver failed programming external connectivity on endpoint heuristic_bohr (109fe9b7531c9f5e27c2949536bc97fd09a245c666ebc68cb623fa2ee668b73e): Bind for 0.0.0.0:3000 failed: port is already allocated.
/docker-entrypoint.sh: /docker-entrypoint.d/ is not empty, will attempt to perform configuration
/docker-entrypoint.sh: Looking for shell scripts in /docker-entrypoint.d/
/docker-entrypoint.sh: Launching /docker-entrypoint.d/10-listen-on-ipv6-by-default.sh
10-listen-on-ipv6-by-default.sh: Getting the checksum of /etc/nginx/conf.d/default.conf
10-listen-on-ipv6-by-default.sh: Enabled listen on IPv6 in /etc/nginx/conf.d/default.conf
/docker-entrypoint.sh: Launching /docker-entrypoint.d/20-envsubst-on-templates.sh
/docker-entrypoint.sh: Configuration complete; ready for start up
/docker-entrypoint.sh: /docker-entrypoint.d/ is not empty, will attempt to perform configuration
/docker-entrypoint.sh: Looking for shell scripts in /docker-entrypoint.d/
/docker-entrypoint.sh: Launching /docker-entrypoint.d/10-listen-on-ipv6-by-default.sh
10-listen-on-ipv6-by-default.sh: Getting the checksum of /etc/nginx/conf.d/default.conf
10-listen-on-ipv6-by-default.sh: Enabled listen on IPv6 in /etc/nginx/conf.d/default.conf
/docker-entrypoint.sh: Launching /docker-entrypoint.d/20-envsubst-on-templates.sh
/docker-entrypoint.sh: Configuration complete; ready for start up
172.17.0.1 - - [23/Dec/2020:04:47:23 +0000] "GET / HTTP/1.1" 200 1520 "-" "Mozilla/5.0 (Windows NT 10.0; Win64; x64) AppleWebKit/537.36 (KHTML, like Gecko) Chrome/87.0.4280.88 Safari/537.36"
172.17.0.1 - - [23/Dec/2020:04:47:24 +0000] "GET /favicon.ico HTTP/1.1" 200 3473 "http://localhost:3000/" "Mozilla/5.0 (Windows NT 10.0; Win64; x64) AppleWebKit/537.36 (KHTML, like Gecko) Chrome/87.0.4280.88 Safari/537.36"
Unable to find image 'walmart_challenge-products-ms:latest' locally
docker: Error response from daemon: pull access denied for walmart_challenge-products-ms, repository does not exist or may require 'docker login': denied: requested access to the resource is denied.
See 'docker run --help'.
Unable to find image 'walmart_challenge-products-ms:latest' locally
docker: Error response from daemon: pull access denied for walmart_challenge-products-ms, repository does not exist or may require 'docker login': denied: requested access to the resource is denied.
See 'docker run --help'.
Unable to find image 'walmart_challenge-products-ms:latest' locally
docker: Error response from daemon: pull access denied for walmart_challenge-products-ms, repository does not exist or may require 'docker login': denied: requested access to the resource is denied.
See 'docker run --help'.
